<component name="libraryTable">
  <library name="junit4jars (2)">
    <CLASSES />
    <JAVADOC />
    <SOURCES />
  </library>
</component>